<?xml version="1.0" encoding="UTF-8"?>
<testng-results ignored="0" total="8" passed="7" failed="1" skipped="0">
  <reporter-output>
  </reporter-output>
  <suite started-at="2021-05-18T13:40:03Z" name="Suite" finished-at="2021-05-18T13:42:19Z" duration-ms="135945">
    <groups>
      <group name="regression">
        <method signature="MainScript.googleSignIn()[pri:3, instance:testcases.MainScript@2a693f59]" name="googleSignIn" class="testcases.MainScript"/>
        <method signature="MainScript.upBikes()[pri:1, instance:testcases.MainScript@2a693f59]" name="upBikes" class="testcases.MainScript"/>
        <method signature="MainScript.usedCars()[pri:2, instance:testcases.MainScript@2a693f59]" name="usedCars" class="testcases.MainScript"/>
        <method signature="MainScript.googleSignIn()[pri:3, instance:testcases.MainScript@2de56eb2]" name="googleSignIn" class="testcases.MainScript"/>
        <method signature="MainScript.upBikes()[pri:1, instance:testcases.MainScript@2de56eb2]" name="upBikes" class="testcases.MainScript"/>
        <method signature="MainScript.usedCars()[pri:2, instance:testcases.MainScript@2de56eb2]" name="usedCars" class="testcases.MainScript"/>
      </group> <!-- regression -->
      <group name="smoke">
        <method signature="MainScript.upBikes()[pri:1, instance:testcases.MainScript@2a693f59]" name="upBikes" class="testcases.MainScript"/>
        <method signature="MainScript.upBikes()[pri:1, instance:testcases.MainScript@2de56eb2]" name="upBikes" class="testcases.MainScript"/>
      </group> <!-- smoke -->
    </groups>
    <test started-at="2021-05-18T13:40:03Z" name="ChromeTest" finished-at="2021-05-18T13:40:52Z" duration-ms="48565">
      <class name="testcases.MainScript">
        <test-method signature="launchURL(java.lang.String)[pri:0, instance:testcases.MainScript@2a693f59]" started-at="2021-05-18T13:40:03Z" name="launchURL" finished-at="2021-05-18T13:40:19Z" duration-ms="15471" status="PASS">
          <params>
            <param index="0">
              <value>
                <![CDATA[chrome]]>
              </value>
            </param>
          </params>
          <reporter-output>
          </reporter-output>
        </test-method> <!-- launchURL -->
        <test-method is-config="true" signature="afterTest()[pri:0, instance:testcases.MainScript@2a693f59]" started-at="2021-05-18T13:40:19Z" name="afterTest" finished-at="2021-05-18T13:40:19Z" duration-ms="1" status="PASS">
          <reporter-output>
          </reporter-output>
        </test-method> <!-- afterTest -->
        <test-method signature="upBikes()[pri:1, instance:testcases.MainScript@2a693f59]" started-at="2021-05-18T13:40:19Z" name="upBikes" finished-at="2021-05-18T13:40:33Z" duration-ms="14312" status="PASS">
          <reporter-output>
          </reporter-output>
        </test-method> <!-- upBikes -->
        <test-method is-config="true" signature="afterTest()[pri:0, instance:testcases.MainScript@2a693f59]" started-at="2021-05-18T13:40:33Z" name="afterTest" finished-at="2021-05-18T13:40:33Z" duration-ms="1" status="PASS">
          <reporter-output>
          </reporter-output>
        </test-method> <!-- afterTest -->
        <test-method signature="usedCars()[pri:2, instance:testcases.MainScript@2a693f59]" started-at="2021-05-18T13:40:33Z" name="usedCars" finished-at="2021-05-18T13:40:44Z" duration-ms="10697" status="PASS">
          <reporter-output>
          </reporter-output>
        </test-method> <!-- usedCars -->
        <test-method is-config="true" signature="afterTest()[pri:0, instance:testcases.MainScript@2a693f59]" started-at="2021-05-18T13:40:44Z" name="afterTest" finished-at="2021-05-18T13:40:44Z" duration-ms="1" status="PASS">
          <reporter-output>
          </reporter-output>
        </test-method> <!-- afterTest -->
        <test-method signature="googleSignIn()[pri:3, instance:testcases.MainScript@2a693f59]" started-at="2021-05-18T13:40:44Z" name="googleSignIn" finished-at="2021-05-18T13:40:51Z" duration-ms="7153" status="PASS">
          <reporter-output>
          </reporter-output>
        </test-method> <!-- googleSignIn -->
        <test-method is-config="true" signature="afterTest()[pri:0, instance:testcases.MainScript@2a693f59]" started-at="2021-05-18T13:40:51Z" name="afterTest" finished-at="2021-05-18T13:40:51Z" duration-ms="1" status="PASS">
          <reporter-output>
          </reporter-output>
        </test-method> <!-- afterTest -->
        <test-method is-config="true" signature="quitBrowser()[pri:0, instance:testcases.MainScript@2a693f59]" started-at="2021-05-18T13:40:51Z" name="quitBrowser" finished-at="2021-05-18T13:40:52Z" duration-ms="899" status="PASS">
          <reporter-output>
          </reporter-output>
        </test-method> <!-- quitBrowser -->
      </class> <!-- testcases.MainScript -->
    </test> <!-- ChromeTest -->
    <test started-at="2021-05-18T13:40:52Z" name="EdgeTest" finished-at="2021-05-18T13:42:19Z" duration-ms="87368">
      <class name="testcases.MainScript">
        <test-method signature="launchURL(java.lang.String)[pri:0, instance:testcases.MainScript@2de56eb2]" started-at="2021-05-18T13:40:52Z" name="launchURL" finished-at="2021-05-18T13:41:11Z" duration-ms="19264" status="PASS">
          <params>
            <param index="0">
              <value>
                <![CDATA[edge]]>
              </value>
            </param>
          </params>
          <reporter-output>
          </reporter-output>
        </test-method> <!-- launchURL -->
        <test-method is-config="true" signature="afterTest()[pri:0, instance:testcases.MainScript@2de56eb2]" started-at="2021-05-18T13:41:11Z" name="afterTest" finished-at="2021-05-18T13:41:11Z" duration-ms="1" status="PASS">
          <reporter-output>
          </reporter-output>
        </test-method> <!-- afterTest -->
        <test-method signature="upBikes()[pri:1, instance:testcases.MainScript@2de56eb2]" started-at="2021-05-18T13:41:11Z" name="upBikes" finished-at="2021-05-18T13:41:23Z" duration-ms="12171" status="PASS">
          <reporter-output>
          </reporter-output>
        </test-method> <!-- upBikes -->
        <test-method is-config="true" signature="afterTest()[pri:0, instance:testcases.MainScript@2de56eb2]" started-at="2021-05-18T13:41:23Z" name="afterTest" finished-at="2021-05-18T13:41:23Z" duration-ms="0" status="PASS">
          <reporter-output>
          </reporter-output>
        </test-method> <!-- afterTest -->
        <test-method signature="usedCars()[pri:2, instance:testcases.MainScript@2de56eb2]" started-at="2021-05-18T13:41:23Z" name="usedCars" finished-at="2021-05-18T13:41:32Z" duration-ms="8572" status="PASS">
          <reporter-output>
          </reporter-output>
        </test-method> <!-- usedCars -->
        <test-method is-config="true" signature="afterTest()[pri:0, instance:testcases.MainScript@2de56eb2]" started-at="2021-05-18T13:41:32Z" name="afterTest" finished-at="2021-05-18T13:41:32Z" duration-ms="1" status="PASS">
          <reporter-output>
          </reporter-output>
        </test-method> <!-- afterTest -->
        <test-method signature="googleSignIn()[pri:3, instance:testcases.MainScript@2de56eb2]" started-at="2021-05-18T13:41:32Z" name="googleSignIn" finished-at="2021-05-18T13:42:18Z" duration-ms="46459" status="FAIL">
          <exception class="java.lang.AssertionError">
            <message>
              <![CDATA[no such element: Unable to locate element: {"method":"xpath","selector":"//form/span/section/div/div/div[1]/div/div[2]/div[2]/div"}
  (Session info: MicrosoftEdge=90.0.818.62)
For documentation on this error, please visit: https://www.seleniumhq.org/exceptions/no_such_element.html
Build info: version: '3.141.59', revision: 'e82be7d358', time: '2018-11-14T08:17:03'
System info: host: 'LAPTOP-U744AIR7', ip: '192.168.43.192', os.name: 'Windows 10', os.arch: 'amd64', os.version: '10.0', java.version: '15.0.2'
Driver info: org.openqa.selenium.edge.EdgeDriver
Capabilities {acceptInsecureCerts: false, browserName: msedge, browserVersion: 90.0.818.62, javascriptEnabled: true, ms:edgeOptions: {debuggerAddress: localhost:63087}, msedge: {msedgedriverVersion: 89.0.774.75 (5adbe73db95496..., userDataDir: C:\Users\MRUNAL~1\AppData\L...}, networkConnectionEnabled: false, pageLoadStrategy: normal, platform: WINDOWS, platformName: WINDOWS, proxy: Proxy(), setWindowRect: true, strictFileInteractability: false, timeouts: {implicit: 0, pageLoad: 300000, script: 30000}, unhandledPromptBehavior: dismiss and notify, webauthn:extension:largeBlob: true, webauthn:virtualAuthenticators: true}
Session ID: db2318e4037e3c39f4ef836e47c0270d
*** Element info: {Using=xpath, value=//form/span/section/div/div/div[1]/div/div[2]/div[2]/div}]]>
            </message>
            <full-stacktrace>
              <![CDATA[java.lang.AssertionError: no such element: Unable to locate element: {"method":"xpath","selector":"//form/span/section/div/div/div[1]/div/div[2]/div[2]/div"}
  (Session info: MicrosoftEdge=90.0.818.62)
For documentation on this error, please visit: https://www.seleniumhq.org/exceptions/no_such_element.html
Build info: version: '3.141.59', revision: 'e82be7d358', time: '2018-11-14T08:17:03'
System info: host: 'LAPTOP-U744AIR7', ip: '192.168.43.192', os.name: 'Windows 10', os.arch: 'amd64', os.version: '10.0', java.version: '15.0.2'
Driver info: org.openqa.selenium.edge.EdgeDriver
Capabilities {acceptInsecureCerts: false, browserName: msedge, browserVersion: 90.0.818.62, javascriptEnabled: true, ms:edgeOptions: {debuggerAddress: localhost:63087}, msedge: {msedgedriverVersion: 89.0.774.75 (5adbe73db95496..., userDataDir: C:\Users\MRUNAL~1\AppData\L...}, networkConnectionEnabled: false, pageLoadStrategy: normal, platform: WINDOWS, platformName: WINDOWS, proxy: Proxy(), setWindowRect: true, strictFileInteractability: false, timeouts: {implicit: 0, pageLoad: 300000, script: 30000}, unhandledPromptBehavior: dismiss and notify, webauthn:extension:largeBlob: true, webauthn:virtualAuthenticators: true}
Session ID: db2318e4037e3c39f4ef836e47c0270d
*** Element info: {Using=xpath, value=//form/span/section/div/div/div[1]/div/div[2]/div[2]/div}
at org.testng.Assert.fail(Assert.java:96)
at base.Test_base.reportFail(Test_base.java:345)
at base.Test_base.getElement(Test_base.java:234)
at base.Test_base.getElementText(Test_base.java:331)
at testcases.TC_GoogleSignIn.gettingErrorMsg(TC_GoogleSignIn.java:35)
at testcases.MainScript.googleSignIn(MainScript.java:52)
at java.base/jdk.internal.reflect.NativeMethodAccessorImpl.invoke0(Native Method)
at java.base/jdk.internal.reflect.NativeMethodAccessorImpl.invoke(NativeMethodAccessorImpl.java:64)
at java.base/jdk.internal.reflect.DelegatingMethodAccessorImpl.invoke(DelegatingMethodAccessorImpl.java:43)
at java.base/java.lang.reflect.Method.invoke(Method.java:564)
at org.testng.internal.MethodInvocationHelper.invokeMethod(MethodInvocationHelper.java:124)
at org.testng.internal.Invoker.invokeMethod(Invoker.java:583)
at org.testng.internal.Invoker.invokeTestMethod(Invoker.java:719)
at org.testng.internal.Invoker.invokeTestMethods(Invoker.java:989)
at org.testng.internal.TestMethodWorker.invokeTestMethods(TestMethodWorker.java:125)
at org.testng.internal.TestMethodWorker.run(TestMethodWorker.java:109)
at org.testng.TestRunner.privateRun(TestRunner.java:648)
at org.testng.TestRunner.run(TestRunner.java:505)
at org.testng.SuiteRunner.runTest(SuiteRunner.java:455)
at org.testng.SuiteRunner.runSequentially(SuiteRunner.java:450)
at org.testng.SuiteRunner.privateRun(SuiteRunner.java:415)
at org.testng.SuiteRunner.run(SuiteRunner.java:364)
at org.testng.SuiteRunnerWorker.runSuite(SuiteRunnerWorker.java:52)
at org.testng.SuiteRunnerWorker.run(SuiteRunnerWorker.java:84)
at org.testng.TestNG.runSuitesSequentially(TestNG.java:1208)
at org.testng.TestNG.runSuitesLocally(TestNG.java:1137)
at org.testng.TestNG.runSuites(TestNG.java:1049)
at org.testng.TestNG.run(TestNG.java:1017)
at org.testng.remote.AbstractRemoteTestNG.run(AbstractRemoteTestNG.java:115)
at org.testng.remote.RemoteTestNG.initAndRun(RemoteTestNG.java:251)
at org.testng.remote.RemoteTestNG.main(RemoteTestNG.java:77)
]]>
            </full-stacktrace>
          </exception> <!-- java.lang.AssertionError -->
          <reporter-output>
          </reporter-output>
        </test-method> <!-- googleSignIn -->
        <test-method is-config="true" signature="afterTest()[pri:0, instance:testcases.MainScript@2de56eb2]" started-at="2021-05-18T13:42:18Z" name="afterTest" finished-at="2021-05-18T13:42:18Z" duration-ms="0" status="PASS">
          <reporter-output>
          </reporter-output>
        </test-method> <!-- afterTest -->
        <test-method is-config="true" signature="quitBrowser()[pri:0, instance:testcases.MainScript@2de56eb2]" started-at="2021-05-18T13:42:18Z" name="quitBrowser" finished-at="2021-05-18T13:42:19Z" duration-ms="890" status="PASS">
          <reporter-output>
          </reporter-output>
        </test-method> <!-- quitBrowser -->
        <test-method is-config="true" signature="endReport()[pri:0, instance:testcases.MainScript@2de56eb2]" started-at="2021-05-18T13:42:19Z" name="endReport" finished-at="2021-05-18T13:42:20Z" duration-ms="222" status="PASS">
          <reporter-output>
          </reporter-output>
        </test-method> <!-- endReport -->
      </class> <!-- testcases.MainScript -->
    </test> <!-- EdgeTest -->
  </suite> <!-- Suite -->
</testng-results>
