<?xml version="1.0" encoding="UTF-8"?>
<testng-results ignored="0" total="12" passed="9" failed="3" skipped="0">
  <reporter-output>
  </reporter-output>
  <suite started-at="2021-05-14T11:21:11Z" name="Suite" finished-at="2021-05-14T11:26:48Z" duration-ms="336453">
    <groups>
    </groups>
    <test started-at="2021-05-14T11:21:11Z" name="ChromeTest" finished-at="2021-05-14T11:23:07Z" duration-ms="115918">
      <class name="testcases.MainScript">
        <test-method signature="launchURL(java.lang.String)[pri:0, instance:testcases.MainScript@304bb45b]" started-at="2021-05-14T11:21:11Z" name="launchURL" finished-at="2021-05-14T11:21:39Z" duration-ms="27152" status="PASS">
          <params>
            <param index="0">
              <value>
                <![CDATA[chrome]]>
              </value>
            </param>
          </params>
          <reporter-output>
          </reporter-output>
        </test-method> <!-- launchURL -->
        <test-method is-config="true" signature="afterTest()[pri:0, instance:testcases.MainScript@304bb45b]" started-at="2021-05-14T11:21:39Z" name="afterTest" finished-at="2021-05-14T11:21:39Z" duration-ms="0" status="PASS">
          <reporter-output>
          </reporter-output>
        </test-method> <!-- afterTest -->
        <test-method signature="upBikes()[pri:1, instance:testcases.MainScript@304bb45b]" started-at="2021-05-14T11:21:39Z" name="upBikes" finished-at="2021-05-14T11:22:36Z" duration-ms="57730" status="PASS">
          <reporter-output>
          </reporter-output>
        </test-method> <!-- upBikes -->
        <test-method is-config="true" signature="afterTest()[pri:0, instance:testcases.MainScript@304bb45b]" started-at="2021-05-14T11:22:36Z" name="afterTest" finished-at="2021-05-14T11:22:36Z" duration-ms="1" status="PASS">
          <reporter-output>
          </reporter-output>
        </test-method> <!-- afterTest -->
        <test-method signature="usedCars()[pri:2, instance:testcases.MainScript@304bb45b]" started-at="2021-05-14T11:22:36Z" name="usedCars" finished-at="2021-05-14T11:22:55Z" duration-ms="19095" status="PASS">
          <reporter-output>
          </reporter-output>
        </test-method> <!-- usedCars -->
        <test-method is-config="true" signature="afterTest()[pri:0, instance:testcases.MainScript@304bb45b]" started-at="2021-05-14T11:22:55Z" name="afterTest" finished-at="2021-05-14T11:22:55Z" duration-ms="0" status="PASS">
          <reporter-output>
          </reporter-output>
        </test-method> <!-- afterTest -->
        <test-method signature="googleSignIn()[pri:3, instance:testcases.MainScript@304bb45b]" started-at="2021-05-14T11:22:55Z" name="googleSignIn" finished-at="2021-05-14T11:23:06Z" duration-ms="10468" status="PASS">
          <reporter-output>
          </reporter-output>
        </test-method> <!-- googleSignIn -->
        <test-method is-config="true" signature="afterTest()[pri:0, instance:testcases.MainScript@304bb45b]" started-at="2021-05-14T11:23:06Z" name="afterTest" finished-at="2021-05-14T11:23:06Z" duration-ms="0" status="PASS">
          <reporter-output>
          </reporter-output>
        </test-method> <!-- afterTest -->
        <test-method is-config="true" signature="quitBrowser()[pri:0, instance:testcases.MainScript@304bb45b]" started-at="2021-05-14T11:23:06Z" name="quitBrowser" finished-at="2021-05-14T11:23:07Z" duration-ms="1424" status="PASS">
          <reporter-output>
          </reporter-output>
        </test-method> <!-- quitBrowser -->
      </class> <!-- testcases.MainScript -->
    </test> <!-- ChromeTest -->
    <test started-at="2021-05-14T11:23:08Z" name="FireFoxTest" finished-at="2021-05-14T11:25:10Z" duration-ms="122804">
      <class name="testcases.MainScript">
        <test-method signature="launchURL(java.lang.String)[pri:0, instance:testcases.MainScript@3cce5371]" started-at="2021-05-14T11:23:08Z" name="launchURL" finished-at="2021-05-14T11:24:02Z" duration-ms="54564" status="PASS">
          <params>
            <param index="0">
              <value>
                <![CDATA[firefox]]>
              </value>
            </param>
          </params>
          <reporter-output>
          </reporter-output>
        </test-method> <!-- launchURL -->
        <test-method is-config="true" signature="afterTest()[pri:0, instance:testcases.MainScript@3cce5371]" started-at="2021-05-14T11:24:02Z" name="afterTest" finished-at="2021-05-14T11:24:02Z" duration-ms="0" status="PASS">
          <reporter-output>
          </reporter-output>
        </test-method> <!-- afterTest -->
        <test-method signature="upBikes()[pri:1, instance:testcases.MainScript@3cce5371]" started-at="2021-05-14T11:24:02Z" name="upBikes" finished-at="2021-05-14T11:24:34Z" duration-ms="31496" status="PASS">
          <reporter-output>
          </reporter-output>
        </test-method> <!-- upBikes -->
        <test-method is-config="true" signature="afterTest()[pri:0, instance:testcases.MainScript@3cce5371]" started-at="2021-05-14T11:24:34Z" name="afterTest" finished-at="2021-05-14T11:24:34Z" duration-ms="0" status="PASS">
          <reporter-output>
          </reporter-output>
        </test-method> <!-- afterTest -->
        <test-method signature="usedCars()[pri:2, instance:testcases.MainScript@3cce5371]" started-at="2021-05-14T11:24:34Z" name="usedCars" finished-at="2021-05-14T11:24:35Z" duration-ms="1286" status="FAIL">
          <exception class="java.lang.AssertionError">
            <message>
              <![CDATA[Element <a href="/used-car/Chennai"> could not be scrolled into view
Build info: version: '3.141.59', revision: 'e82be7d358', time: '2018-11-14T08:17:03'
System info: host: 'ANMOLPC', ip: '192.168.43.55', os.name: 'Windows 10', os.arch: 'amd64', os.version: '10.0', java.version: '15.0.2'
Driver info: org.openqa.selenium.firefox.FirefoxDriver
Capabilities {acceptInsecureCerts: true, browserName: firefox, browserVersion: 87.0, javascriptEnabled: true, moz:accessibilityChecks: false, moz:buildID: 20210318103112, moz:geckodriverVersion: 0.28.0, moz:headless: false, moz:processID: 12228, moz:profile: C:\Users\ANMOL\AppData\Loca..., moz:shutdownTimeout: 60000, moz:useNonSpecCompliantPointerOrigin: false, moz:webdriverClick: true, pageLoadStrategy: normal, platform: WINDOWS, platformName: WINDOWS, platformVersion: 10.0, rotatable: false, setWindowRect: true, strictFileInteractability: false, timeouts: {implicit: 0, pageLoad: 300000, script: 30000}, unhandledPromptBehavior: dismiss and notify}
Session ID: 5e3c4ba7-6c1e-4119-9815-d009e20a86a6]]>
            </message>
            <full-stacktrace>
              <![CDATA[java.lang.AssertionError: Element <a href="/used-car/Chennai"> could not be scrolled into view
Build info: version: '3.141.59', revision: 'e82be7d358', time: '2018-11-14T08:17:03'
System info: host: 'ANMOLPC', ip: '192.168.43.55', os.name: 'Windows 10', os.arch: 'amd64', os.version: '10.0', java.version: '15.0.2'
Driver info: org.openqa.selenium.firefox.FirefoxDriver
Capabilities {acceptInsecureCerts: true, browserName: firefox, browserVersion: 87.0, javascriptEnabled: true, moz:accessibilityChecks: false, moz:buildID: 20210318103112, moz:geckodriverVersion: 0.28.0, moz:headless: false, moz:processID: 12228, moz:profile: C:\Users\ANMOL\AppData\Loca..., moz:shutdownTimeout: 60000, moz:useNonSpecCompliantPointerOrigin: false, moz:webdriverClick: true, pageLoadStrategy: normal, platform: WINDOWS, platformName: WINDOWS, platformVersion: 10.0, rotatable: false, setWindowRect: true, strictFileInteractability: false, timeouts: {implicit: 0, pageLoad: 300000, script: 30000}, unhandledPromptBehavior: dismiss and notify}
Session ID: 5e3c4ba7-6c1e-4119-9815-d009e20a86a6
at org.testng.Assert.fail(Assert.java:96)
at base.Test_base.reportFail(Test_base.java:319)
at base.Test_base.elementClick(Test_base.java:170)
at testcases.TC_HomePage.usedCarsChn(TC_HomePage.java:49)
at testcases.MainScript.usedCars(MainScript.java:41)
at java.base/jdk.internal.reflect.NativeMethodAccessorImpl.invoke0(Native Method)
at java.base/jdk.internal.reflect.NativeMethodAccessorImpl.invoke(NativeMethodAccessorImpl.java:64)
at java.base/jdk.internal.reflect.DelegatingMethodAccessorImpl.invoke(DelegatingMethodAccessorImpl.java:43)
at java.base/java.lang.reflect.Method.invoke(Method.java:564)
at org.testng.internal.MethodInvocationHelper.invokeMethod(MethodInvocationHelper.java:124)
at org.testng.internal.Invoker.invokeMethod(Invoker.java:583)
at org.testng.internal.Invoker.invokeTestMethod(Invoker.java:719)
at org.testng.internal.Invoker.invokeTestMethods(Invoker.java:989)
at org.testng.internal.TestMethodWorker.invokeTestMethods(TestMethodWorker.java:125)
at org.testng.internal.TestMethodWorker.run(TestMethodWorker.java:109)
at org.testng.TestRunner.privateRun(TestRunner.java:648)
at org.testng.TestRunner.run(TestRunner.java:505)
at org.testng.SuiteRunner.runTest(SuiteRunner.java:455)
at org.testng.SuiteRunner.runSequentially(SuiteRunner.java:450)
at org.testng.SuiteRunner.privateRun(SuiteRunner.java:415)
at org.testng.SuiteRunner.run(SuiteRunner.java:364)
at org.testng.SuiteRunnerWorker.runSuite(SuiteRunnerWorker.java:52)
at org.testng.SuiteRunnerWorker.run(SuiteRunnerWorker.java:84)
at org.testng.TestNG.runSuitesSequentially(TestNG.java:1208)
at org.testng.TestNG.runSuitesLocally(TestNG.java:1137)
at org.testng.TestNG.runSuites(TestNG.java:1049)
at org.testng.TestNG.run(TestNG.java:1017)
at org.testng.remote.AbstractRemoteTestNG.run(AbstractRemoteTestNG.java:115)
at org.testng.remote.RemoteTestNG.initAndRun(RemoteTestNG.java:251)
at org.testng.remote.RemoteTestNG.main(RemoteTestNG.java:77)
]]>
            </full-stacktrace>
          </exception> <!-- java.lang.AssertionError -->
          <reporter-output>
          </reporter-output>
        </test-method> <!-- usedCars -->
        <test-method is-config="true" signature="afterTest()[pri:0, instance:testcases.MainScript@3cce5371]" started-at="2021-05-14T11:24:35Z" name="afterTest" finished-at="2021-05-14T11:24:35Z" duration-ms="0" status="PASS">
          <reporter-output>
          </reporter-output>
        </test-method> <!-- afterTest -->
        <test-method signature="googleSignIn()[pri:3, instance:testcases.MainScript@3cce5371]" started-at="2021-05-14T11:24:35Z" name="googleSignIn" finished-at="2021-05-14T11:25:06Z" duration-ms="30701" status="FAIL">
          <exception class="java.lang.AssertionError">
            <message>
              <![CDATA[Unable to locate element: //form/span/section/div/div/div[1]/div/div[2]/div[2]/div
For documentation on this error, please visit: https://www.seleniumhq.org/exceptions/no_such_element.html
Build info: version: '3.141.59', revision: 'e82be7d358', time: '2018-11-14T08:17:03'
System info: host: 'ANMOLPC', ip: '192.168.43.55', os.name: 'Windows 10', os.arch: 'amd64', os.version: '10.0', java.version: '15.0.2'
Driver info: org.openqa.selenium.firefox.FirefoxDriver
Capabilities {acceptInsecureCerts: true, browserName: firefox, browserVersion: 87.0, javascriptEnabled: true, moz:accessibilityChecks: false, moz:buildID: 20210318103112, moz:geckodriverVersion: 0.28.0, moz:headless: false, moz:processID: 12228, moz:profile: C:\Users\ANMOL\AppData\Loca..., moz:shutdownTimeout: 60000, moz:useNonSpecCompliantPointerOrigin: false, moz:webdriverClick: true, pageLoadStrategy: normal, platform: WINDOWS, platformName: WINDOWS, platformVersion: 10.0, rotatable: false, setWindowRect: true, strictFileInteractability: false, timeouts: {implicit: 0, pageLoad: 300000, script: 30000}, unhandledPromptBehavior: dismiss and notify}
Session ID: 5e3c4ba7-6c1e-4119-9815-d009e20a86a6
*** Element info: {Using=xpath, value=//form/span/section/div/div/div[1]/div/div[2]/div[2]/div}]]>
            </message>
            <full-stacktrace>
              <![CDATA[java.lang.AssertionError: Unable to locate element: //form/span/section/div/div/div[1]/div/div[2]/div[2]/div
For documentation on this error, please visit: https://www.seleniumhq.org/exceptions/no_such_element.html
Build info: version: '3.141.59', revision: 'e82be7d358', time: '2018-11-14T08:17:03'
System info: host: 'ANMOLPC', ip: '192.168.43.55', os.name: 'Windows 10', os.arch: 'amd64', os.version: '10.0', java.version: '15.0.2'
Driver info: org.openqa.selenium.firefox.FirefoxDriver
Capabilities {acceptInsecureCerts: true, browserName: firefox, browserVersion: 87.0, javascriptEnabled: true, moz:accessibilityChecks: false, moz:buildID: 20210318103112, moz:geckodriverVersion: 0.28.0, moz:headless: false, moz:processID: 12228, moz:profile: C:\Users\ANMOL\AppData\Loca..., moz:shutdownTimeout: 60000, moz:useNonSpecCompliantPointerOrigin: false, moz:webdriverClick: true, pageLoadStrategy: normal, platform: WINDOWS, platformName: WINDOWS, platformVersion: 10.0, rotatable: false, setWindowRect: true, strictFileInteractability: false, timeouts: {implicit: 0, pageLoad: 300000, script: 30000}, unhandledPromptBehavior: dismiss and notify}
Session ID: 5e3c4ba7-6c1e-4119-9815-d009e20a86a6
*** Element info: {Using=xpath, value=//form/span/section/div/div/div[1]/div/div[2]/div[2]/div}
at org.testng.Assert.fail(Assert.java:96)
at base.Test_base.reportFail(Test_base.java:319)
at base.Test_base.getElement(Test_base.java:208)
at base.Test_base.getElementText(Test_base.java:305)
at testcases.TC_GoogleSignIn.gettingErrorMsg(TC_GoogleSignIn.java:33)
at testcases.MainScript.googleSignIn(MainScript.java:52)
at java.base/jdk.internal.reflect.NativeMethodAccessorImpl.invoke0(Native Method)
at java.base/jdk.internal.reflect.NativeMethodAccessorImpl.invoke(NativeMethodAccessorImpl.java:64)
at java.base/jdk.internal.reflect.DelegatingMethodAccessorImpl.invoke(DelegatingMethodAccessorImpl.java:43)
at java.base/java.lang.reflect.Method.invoke(Method.java:564)
at org.testng.internal.MethodInvocationHelper.invokeMethod(MethodInvocationHelper.java:124)
at org.testng.internal.Invoker.invokeMethod(Invoker.java:583)
at org.testng.internal.Invoker.invokeTestMethod(Invoker.java:719)
at org.testng.internal.Invoker.invokeTestMethods(Invoker.java:989)
at org.testng.internal.TestMethodWorker.invokeTestMethods(TestMethodWorker.java:125)
at org.testng.internal.TestMethodWorker.run(TestMethodWorker.java:109)
at org.testng.TestRunner.privateRun(TestRunner.java:648)
at org.testng.TestRunner.run(TestRunner.java:505)
at org.testng.SuiteRunner.runTest(SuiteRunner.java:455)
at org.testng.SuiteRunner.runSequentially(SuiteRunner.java:450)
at org.testng.SuiteRunner.privateRun(SuiteRunner.java:415)
at org.testng.SuiteRunner.run(SuiteRunner.java:364)
at org.testng.SuiteRunnerWorker.runSuite(SuiteRunnerWorker.java:52)
at org.testng.SuiteRunnerWorker.run(SuiteRunnerWorker.java:84)
at org.testng.TestNG.runSuitesSequentially(TestNG.java:1208)
at org.testng.TestNG.runSuitesLocally(TestNG.java:1137)
at org.testng.TestNG.runSuites(TestNG.java:1049)
at org.testng.TestNG.run(TestNG.java:1017)
at org.testng.remote.AbstractRemoteTestNG.run(AbstractRemoteTestNG.java:115)
at org.testng.remote.RemoteTestNG.initAndRun(RemoteTestNG.java:251)
at org.testng.remote.RemoteTestNG.main(RemoteTestNG.java:77)
]]>
            </full-stacktrace>
          </exception> <!-- java.lang.AssertionError -->
          <reporter-output>
          </reporter-output>
        </test-method> <!-- googleSignIn -->
        <test-method is-config="true" signature="afterTest()[pri:0, instance:testcases.MainScript@3cce5371]" started-at="2021-05-14T11:25:06Z" name="afterTest" finished-at="2021-05-14T11:25:06Z" duration-ms="0" status="PASS">
          <reporter-output>
          </reporter-output>
        </test-method> <!-- afterTest -->
        <test-method is-config="true" signature="quitBrowser()[pri:0, instance:testcases.MainScript@3cce5371]" started-at="2021-05-14T11:25:06Z" name="quitBrowser" finished-at="2021-05-14T11:25:10Z" duration-ms="4736" status="PASS">
          <reporter-output>
          </reporter-output>
        </test-method> <!-- quitBrowser -->
      </class> <!-- testcases.MainScript -->
    </test> <!-- FireFoxTest -->
    <test started-at="2021-05-14T11:25:10Z" name="EdgeTest" finished-at="2021-05-14T11:26:48Z" duration-ms="97467">
      <class name="testcases.MainScript">
        <test-method signature="launchURL(java.lang.String)[pri:0, instance:testcases.MainScript@48e1f6c7]" started-at="2021-05-14T11:25:10Z" name="launchURL" finished-at="2021-05-14T11:25:48Z" duration-ms="37893" status="PASS">
          <params>
            <param index="0">
              <value>
                <![CDATA[edge]]>
              </value>
            </param>
          </params>
          <reporter-output>
          </reporter-output>
        </test-method> <!-- launchURL -->
        <test-method is-config="true" signature="afterTest()[pri:0, instance:testcases.MainScript@48e1f6c7]" started-at="2021-05-14T11:25:48Z" name="afterTest" finished-at="2021-05-14T11:25:48Z" duration-ms="1" status="PASS">
          <reporter-output>
          </reporter-output>
        </test-method> <!-- afterTest -->
        <test-method signature="upBikes()[pri:1, instance:testcases.MainScript@48e1f6c7]" started-at="2021-05-14T11:25:48Z" name="upBikes" finished-at="2021-05-14T11:26:14Z" duration-ms="25457" status="FAIL">
          <exception class="org.openqa.selenium.StaleElementReferenceException">
            <message>
              <![CDATA[stale element reference: element is not attached to the page document
  (Session info: MicrosoftEdge=90.0.818.56)
For documentation on this error, please visit: https://www.seleniumhq.org/exceptions/stale_element_reference.html
Build info: version: '3.141.59', revision: 'e82be7d358', time: '2018-11-14T08:17:03'
System info: host: 'ANMOLPC', ip: '192.168.43.55', os.name: 'Windows 10', os.arch: 'amd64', os.version: '10.0', java.version: '15.0.2'
Driver info: org.openqa.selenium.edge.EdgeDriver
Capabilities {acceptInsecureCerts: false, browserName: msedge, browserVersion: 90.0.818.56, javascriptEnabled: true, ms:edgeOptions: {debuggerAddress: localhost:60353}, msedge: {msedgedriverVersion: 89.0.774.75 (5adbe73db95496..., userDataDir: C:\Users\ANMOL\AppData\Loca...}, networkConnectionEnabled: false, pageLoadStrategy: normal, platform: WINDOWS, platformName: WINDOWS, proxy: Proxy(), setWindowRect: true, strictFileInteractability: false, timeouts: {implicit: 0, pageLoad: 300000, script: 30000}, unhandledPromptBehavior: dismiss and notify, webauthn:extension:largeBlob: true, webauthn:virtualAuthenticators: true}
Session ID: 390641592172b4ebcbc039df9cb6b7d9]]>
            </message>
            <full-stacktrace>
              <![CDATA[org.openqa.selenium.StaleElementReferenceException: stale element reference: element is not attached to the page document
  (Session info: MicrosoftEdge=90.0.818.56)
For documentation on this error, please visit: https://www.seleniumhq.org/exceptions/stale_element_reference.html
Build info: version: '3.141.59', revision: 'e82be7d358', time: '2018-11-14T08:17:03'
System info: host: 'ANMOLPC', ip: '192.168.43.55', os.name: 'Windows 10', os.arch: 'amd64', os.version: '10.0', java.version: '15.0.2'
Driver info: org.openqa.selenium.edge.EdgeDriver
Capabilities {acceptInsecureCerts: false, browserName: msedge, browserVersion: 90.0.818.56, javascriptEnabled: true, ms:edgeOptions: {debuggerAddress: localhost:60353}, msedge: {msedgedriverVersion: 89.0.774.75 (5adbe73db95496..., userDataDir: C:\Users\ANMOL\AppData\Loca...}, networkConnectionEnabled: false, pageLoadStrategy: normal, platform: WINDOWS, platformName: WINDOWS, proxy: Proxy(), setWindowRect: true, strictFileInteractability: false, timeouts: {implicit: 0, pageLoad: 300000, script: 30000}, unhandledPromptBehavior: dismiss and notify, webauthn:extension:largeBlob: true, webauthn:virtualAuthenticators: true}
Session ID: 390641592172b4ebcbc039df9cb6b7d9
at java.base/jdk.internal.reflect.NativeConstructorAccessorImpl.newInstance0(Native Method)
at java.base/jdk.internal.reflect.NativeConstructorAccessorImpl.newInstance(NativeConstructorAccessorImpl.java:64)
at java.base/jdk.internal.reflect.DelegatingConstructorAccessorImpl.newInstance(DelegatingConstructorAccessorImpl.java:45)
at java.base/java.lang.reflect.Constructor.newInstanceWithCaller(Constructor.java:500)
at java.base/java.lang.reflect.Constructor.newInstance(Constructor.java:481)
at org.openqa.selenium.remote.http.W3CHttpResponseCodec.createException(W3CHttpResponseCodec.java:187)
at org.openqa.selenium.remote.http.W3CHttpResponseCodec.decode(W3CHttpResponseCodec.java:122)
at org.openqa.selenium.remote.http.W3CHttpResponseCodec.decode(W3CHttpResponseCodec.java:49)
at org.openqa.selenium.remote.HttpCommandExecutor.execute(HttpCommandExecutor.java:158)
at org.openqa.selenium.remote.service.DriverCommandExecutor.execute(DriverCommandExecutor.java:83)
at org.openqa.selenium.remote.RemoteWebDriver.execute(RemoteWebDriver.java:552)
at org.openqa.selenium.remote.RemoteWebDriver.executeScript(RemoteWebDriver.java:489)
at testcases.TC_UpcomingBikes.hondaBikesDetail(TC_UpcomingBikes.java:32)
at testcases.MainScript.upBikes(MainScript.java:30)
at java.base/jdk.internal.reflect.NativeMethodAccessorImpl.invoke0(Native Method)
at java.base/jdk.internal.reflect.NativeMethodAccessorImpl.invoke(NativeMethodAccessorImpl.java:64)
at java.base/jdk.internal.reflect.DelegatingMethodAccessorImpl.invoke(DelegatingMethodAccessorImpl.java:43)
at java.base/java.lang.reflect.Method.invoke(Method.java:564)
at org.testng.internal.MethodInvocationHelper.invokeMethod(MethodInvocationHelper.java:124)
at org.testng.internal.Invoker.invokeMethod(Invoker.java:583)
at org.testng.internal.Invoker.invokeTestMethod(Invoker.java:719)
at org.testng.internal.Invoker.invokeTestMethods(Invoker.java:989)
at org.testng.internal.TestMethodWorker.invokeTestMethods(TestMethodWorker.java:125)
at org.testng.internal.TestMethodWorker.run(TestMethodWorker.java:109)
at org.testng.TestRunner.privateRun(TestRunner.java:648)
at org.testng.TestRunner.run(TestRunner.java:505)
at org.testng.SuiteRunner.runTest(SuiteRunner.java:455)
at org.testng.SuiteRunner.runSequentially(SuiteRunner.java:450)
at org.testng.SuiteRunner.privateRun(SuiteRunner.java:415)
at org.testng.SuiteRunner.run(SuiteRunner.java:364)
at org.testng.SuiteRunnerWorker.runSuite(SuiteRunnerWorker.java:52)
at org.testng.SuiteRunnerWorker.run(SuiteRunnerWorker.java:84)
at org.testng.TestNG.runSuitesSequentially(TestNG.java:1208)
at org.testng.TestNG.runSuitesLocally(TestNG.java:1137)
at org.testng.TestNG.runSuites(TestNG.java:1049)
at org.testng.TestNG.run(TestNG.java:1017)
at org.testng.remote.AbstractRemoteTestNG.run(AbstractRemoteTestNG.java:115)
at org.testng.remote.RemoteTestNG.initAndRun(RemoteTestNG.java:251)
at org.testng.remote.RemoteTestNG.main(RemoteTestNG.java:77)
]]>
            </full-stacktrace>
          </exception> <!-- org.openqa.selenium.StaleElementReferenceException -->
          <reporter-output>
          </reporter-output>
        </test-method> <!-- upBikes -->
        <test-method is-config="true" signature="afterTest()[pri:0, instance:testcases.MainScript@48e1f6c7]" started-at="2021-05-14T11:26:14Z" name="afterTest" finished-at="2021-05-14T11:26:14Z" duration-ms="0" status="PASS">
          <reporter-output>
          </reporter-output>
        </test-method> <!-- afterTest -->
        <test-method signature="usedCars()[pri:2, instance:testcases.MainScript@48e1f6c7]" started-at="2021-05-14T11:26:14Z" name="usedCars" finished-at="2021-05-14T11:26:39Z" duration-ms="24821" status="PASS">
          <reporter-output>
          </reporter-output>
        </test-method> <!-- usedCars -->
        <test-method is-config="true" signature="afterTest()[pri:0, instance:testcases.MainScript@48e1f6c7]" started-at="2021-05-14T11:26:39Z" name="afterTest" finished-at="2021-05-14T11:26:39Z" duration-ms="0" status="PASS">
          <reporter-output>
          </reporter-output>
        </test-method> <!-- afterTest -->
        <test-method signature="googleSignIn()[pri:3, instance:testcases.MainScript@48e1f6c7]" started-at="2021-05-14T11:26:39Z" name="googleSignIn" finished-at="2021-05-14T11:26:46Z" duration-ms="7731" status="PASS">
          <reporter-output>
          </reporter-output>
        </test-method> <!-- googleSignIn -->
        <test-method is-config="true" signature="quitBrowser()[pri:0, instance:testcases.MainScript@48e1f6c7]" started-at="2021-05-14T11:26:46Z" name="quitBrowser" finished-at="2021-05-14T11:26:48Z" duration-ms="1553" status="PASS">
          <reporter-output>
          </reporter-output>
        </test-method> <!-- quitBrowser -->
        <test-method is-config="true" signature="afterTest()[pri:0, instance:testcases.MainScript@48e1f6c7]" started-at="2021-05-14T11:26:46Z" name="afterTest" finished-at="2021-05-14T11:26:46Z" duration-ms="0" status="PASS">
          <reporter-output>
          </reporter-output>
        </test-method> <!-- afterTest -->
        <test-method is-config="true" signature="endReport()[pri:0, instance:testcases.MainScript@48e1f6c7]" started-at="2021-05-14T11:26:48Z" name="endReport" finished-at="2021-05-14T11:26:49Z" duration-ms="684" status="PASS">
          <reporter-output>
          </reporter-output>
        </test-method> <!-- endReport -->
      </class> <!-- testcases.MainScript -->
    </test> <!-- EdgeTest -->
  </suite> <!-- Suite -->
</testng-results>
